<?xml version="1.0" encoding="UTF-8"?>
<!-- Generated by org.testng.reporters.JUnitReportReporter -->
<testsuite skipped="0" hostname="AFSWWRVH6CCS9E" name="com.MGL_Task4.manager.Game_Manager_Test" tests="5" failures="0" timestamp="2020-01-28T15:03:13 CST" time="0.028" errors="0">
  <testcase name="createGameTest" time="0.009" classname="com.MGL_Task4.manager.Game_Manager_Test"/>
  <testcase name="getGameTest" time="0.005" classname="com.MGL_Task4.manager.Game_Manager_Test"/>
  <testcase name="listGamesTest" time="0.004" classname="com.MGL_Task4.manager.Game_Manager_Test"/>
  <testcase name="deleteGameTest" time="0.006" classname="com.MGL_Task4.manager.Game_Manager_Test"/>
  <testcase name="updateGameTest" time="0.004" classname="com.MGL_Task4.manager.Game_Manager_Test"/>
</testsuite> <!-- com.MGL_Task4.manager.Game_Manager_Test -->
