<?xml version="1.0" encoding="UTF-8"?>
<!-- Generated by org.testng.reporters.JUnitReportReporter -->
<testsuite skipped="0" hostname="AFSWWRVH6CCS9E" name="com.MGL_Task4.selenium.SeleniumTests" tests="2" failures="0" timestamp="2020-01-28T15:03:13 CST" time="21.509" errors="0">
  <testcase name="testGameCrudFunctonality" time="21.019" classname="com.MGL_Task4.selenium.SeleniumTests"/>
  <testcase name="testOpenHomeGoToGamesPageGoBackToHomePage" time="0.490" classname="com.MGL_Task4.selenium.SeleniumTests"/>
</testsuite> <!-- com.MGL_Task4.selenium.SeleniumTests -->
