<?xml version="1.0" encoding="UTF-8"?>
<!-- Generated by org.testng.reporters.JUnitReportReporter -->
<testsuite skipped="0" hostname="AFSWWRVH6CCS9E" name="com.MGL_Task4.controller.Game_Controller_Test" tests="4" failures="0" timestamp="2020-01-28T15:03:13 CST" time="0.018" errors="0">
  <testcase name="createGameTest" time="0.005" classname="com.MGL_Task4.controller.Game_Controller_Test"/>
  <testcase name="deleteGameTest" time="0.004" classname="com.MGL_Task4.controller.Game_Controller_Test"/>
  <testcase name="listGamesTest" time="0.006" classname="com.MGL_Task4.controller.Game_Controller_Test"/>
  <testcase name="updateGameTest" time="0.003" classname="com.MGL_Task4.controller.Game_Controller_Test"/>
</testsuite> <!-- com.MGL_Task4.controller.Game_Controller_Test -->
