<?xml version="1.0" encoding="UTF-8"?>
<!-- Generated by org.testng.reporters.JUnitReportReporter -->
<testsuite skipped="0" hostname="AFSWWRVH6CCS9E" name="com.MGL_Task4.manager.Review_Manager_Test" tests="6" failures="0" timestamp="2020-01-28T15:03:13 CST" time="0.027" errors="0">
  <testcase name="listReviewsTest" time="0.003" classname="com.MGL_Task4.manager.Review_Manager_Test"/>
  <testcase name="createReviewTest" time="0.006" classname="com.MGL_Task4.manager.Review_Manager_Test"/>
  <testcase name="getReviewTest" time="0.005" classname="com.MGL_Task4.manager.Review_Manager_Test"/>
  <testcase name="deleteReviewTest" time="0.006" classname="com.MGL_Task4.manager.Review_Manager_Test"/>
  <testcase name="getReviewForUpdateTest" time="0.003" classname="com.MGL_Task4.manager.Review_Manager_Test"/>
  <testcase name="updateReviewTest" time="0.004" classname="com.MGL_Task4.manager.Review_Manager_Test"/>
</testsuite> <!-- com.MGL_Task4.manager.Review_Manager_Test -->
