<?xml version="1.0" encoding="UTF-8"?>
<!-- Generated by org.testng.reporters.JUnitReportReporter -->
<testsuite skipped="0" hostname="AFSWWRVH6CCS9E" name="com.MGL_Task4.controller.Review_Controller_Test" tests="6" failures="0" timestamp="2020-01-28T15:03:13 CST" time="0.080" errors="0">
  <testcase name="deleteReviewTest" time="0.007" classname="com.MGL_Task4.controller.Review_Controller_Test"/>
  <testcase name="createReviewTest" time="0.052" classname="com.MGL_Task4.controller.Review_Controller_Test"/>
  <testcase name="updateReviewFormTest" time="0.005" classname="com.MGL_Task4.controller.Review_Controller_Test"/>
  <testcase name="listReviewsTest" time="0.003" classname="com.MGL_Task4.controller.Review_Controller_Test"/>
  <testcase name="fetchReviewTest" time="0.010" classname="com.MGL_Task4.controller.Review_Controller_Test"/>
  <testcase name="updateReviewTest" time="0.003" classname="com.MGL_Task4.controller.Review_Controller_Test"/>
</testsuite> <!-- com.MGL_Task4.controller.Review_Controller_Test -->
