<?xml version="1.0" encoding="UTF-8"?>
<!-- Generated by org.testng.reporters.JUnitReportReporter -->
<testsuite skipped="0" hostname="AFSWWRVH6CCS9E" name="com.MGL_Task4.controller.MGL_Endpoint_Constants_Test" tests="1" failures="0" timestamp="2020-01-28T15:03:13 CST" time="0.002" errors="0">
  <testcase name="testEndpoints" time="0.002" classname="com.MGL_Task4.controller.MGL_Endpoint_Constants_Test"/>
</testsuite> <!-- com.MGL_Task4.controller.MGL_Endpoint_Constants_Test -->
